# JRE version: OpenJDK Runtime Environment Temurin-23.0.2+7 (23.0.2+7) (build 23.0.2+7)
# Java VM: OpenJDK 64-Bit Server VM Temurin-23.0.2+7 (23.0.2+7, mixed mode, sharing, tiered, compressed oops, compressed class ptrs, g1 gc, windows-amd64)
GC Precious Log:
 CardTable entry size: 512
 Card Set container configuration: InlinePtr #cards 5 size 8 Array Of Cards #cards 10 size 36 Howl #buckets 4 coarsen threshold 1843 Howl Bitmap #cards 512 size 80 coarsen threshold 460 Card regions per heap region 1 cards per card region 2048
 CPUs: 4 total, 4 available
 Memory: 3970M
 Large Page Support: Disabled
 NUMA Support: Disabled
 Compressed Oops: Enabled (32-bit)
 Heap Region Size: 1M
 Heap Min Capacity: 8M
 Heap Initial Capacity: 64M
 Heap Max Capacity: 994M
 Pre-touch: Disabled
 Parallel Workers: 4
 Concurrent Workers: 1
 Concurrent Refinement Workers: 4
 Periodic GC: Disabled
Heap:
 garbage-first heap   total reserved 1017856K, committed 65536K, used 12659K [0x00000000c1e00000, 0x0000000100000000)
  region size 1024K, 1 young (1024K), 1 survivors (1024K)
 Metaspace       used 17640K, committed 17920K, reserved 1114112K
  class space    used 2626K, committed 2752K, reserved 1048576K
GC Heap History (20 events):
Event: 69.272 GC heap after
{Heap after GC invocations=28 (full 0):
 garbage-first heap   total reserved 1017856K, committed 65536K, used 12732K [0x00000000c1e00000, 0x0000000100000000)
  region size 1024K, 2 young (2048K), 2 survivors (2048K)
 Metaspace       used 17480K, committed 17792K, reserved 1114112K
  class space    used 2622K, committed 2752K, reserved 1048576K
}
Event: 71.939 GC heap before
{Heap before GC invocations=28 (full 0):
 garbage-first heap   total reserved 1017856K, committed 65536K, used 49596K [0x00000000c1e00000, 0x0000000100000000)
  region size 1024K, 38 young (38912K), 2 survivors (2048K)
 Metaspace       used 17498K, committed 17792K, reserved 1114112K
  class space    used 2622K, committed 2752K, reserved 1048576K
}
Event: 71.942 GC heap after
{Heap after GC invocations=29 (full 0):
 garbage-first heap   total reserved 1017856K, committed 65536K, used 12716K [0x00000000c1e00000, 0x0000000100000000)
  region size 1024K, 2 young (2048K), 2 survivors (2048K)
 Metaspace       used 17498K, committed 17792K, reserved 1114112K
  class space    used 2622K, committed 2752K, reserved 1048576K
}
Event: 74.372 GC heap before
{Heap before GC invocations=29 (full 0):
 garbage-first heap   total reserved 1017856K, committed 65536K, used 49580K [0x00000000c1e00000, 0x0000000100000000)
  region size 1024K, 38 young (38912K), 2 survivors (2048K)
 Metaspace       used 17505K, committed 17792K, reserved 1114112K
  class space    used 2622K, committed 2752K, reserved 1048576K
}
Event: 74.375 GC heap after
{Heap after GC invocations=30 (full 0):
 garbage-first heap   total reserved 1017856K, committed 65536K, used 12629K [0x00000000c1e00000, 0x0000000100000000)
  region size 1024K, 2 young (2048K), 2 survivors (2048K)
 Metaspace       used 17505K, committed 17792K, reserved 1114112K
  class space    used 2622K, committed 2752K, reserved 1048576K
}
Event: 76.872 GC heap before
{Heap before GC invocations=30 (full 0):
 garbage-first heap   total reserved 1017856K, committed 65536K, used 49493K [0x00000000c1e00000, 0x0000000100000000)
  region size 1024K, 38 young (38912K), 2 survivors (2048K)
 Metaspace       used 17522K, committed 17792K, reserved 1114112K
  class space    used 2622K, committed 2752K, reserved 1048576K
}
Event: 76.875 GC heap after
{Heap after GC invocations=31 (full 0):
 garbage-first heap   total reserved 1017856K, committed 65536K, used 12696K [0x00000000c1e00000, 0x0000000100000000)
  region size 1024K, 2 young (2048K), 2 survivors (2048K)
 Metaspace       used 17522K, committed 17792K, reserved 1114112K
  class space    used 2622K, committed 2752K, reserved 1048576K
}
Event: 78.824 GC heap before
{Heap before GC invocations=31 (full 0):
 garbage-first heap   total reserved 1017856K, committed 65536K, used 49560K [0x00000000c1e00000, 0x0000000100000000)
  region size 1024K, 38 young (38912K), 2 survivors (2048K)
 Metaspace       used 17548K, committed 17856K, reserved 1114112K
  class space    used 2622K, committed 2752K, reserved 1048576K
}
Event: 78.830 GC heap after
{Heap after GC invocations=32 (full 0):
 garbage-first heap   total reserved 1017856K, committed 65536K, used 12328K [0x00000000c1e00000, 0x0000000100000000)
  region size 1024K, 1 young (1024K), 1 survivors (1024K)
 Metaspace       used 17548K, committed 17856K, reserved 1114112K
  class space    used 2622K, committed 2752K, reserved 1048576K
}
Event: 93.519 GC heap before
{Heap before GC invocations=32 (full 0):
 garbage-first heap   total reserved 1017856K, committed 65536K, used 50216K [0x00000000c1e00000, 0x0000000100000000)
  region size 1024K, 38 young (38912K), 1 survivors (1024K)
 Metaspace       used 17625K, committed 17920K, reserved 1114112K
  class space    used 2626K, committed 2752K, reserved 1048576K
}
Event: 93.521 GC heap after
{Heap after GC invocations=33 (full 0):
 garbage-first heap   total reserved 1017856K, committed 65536K, used 12515K [0x00000000c1e00000, 0x0000000100000000)
  region size 1024K, 2 young (2048K), 2 survivors (2048K)
 Metaspace       used 17625K, committed 17920K, reserved 1114112K
  class space    used 2626K, committed 2752K, reserved 1048576K
}
Event: 93.684 GC heap before
{Heap before GC invocations=33 (full 0):
 garbage-first heap   total reserved 1017856K, committed 65536K, used 49379K [0x00000000c1e00000, 0x0000000100000000)
  region size 1024K, 38 young (38912K), 2 survivors (2048K)
 Metaspace       used 17640K, committed 17920K, reserved 1114112K
  class space    used 2626K, committed 2752K, reserved 1048576K
}
Event: 93.686 GC heap after
{Heap after GC invocations=34 (full 0):
 garbage-first heap   total reserved 1017856K, committed 65536K, used 12569K [0x00000000c1e00000, 0x0000000100000000)
  region size 1024K, 2 young (2048K), 2 survivors (2048K)
 Metaspace       used 17640K, committed 17920K, reserved 1114112K
  class space    used 2626K, committed 2752K, reserved 1048576K
}
Event: 93.747 GC heap before
{Heap before GC invocations=34 (full 0):
 garbage-first heap   total reserved 1017856K, committed 65536K, used 49433K [0x00000000c1e00000, 0x0000000100000000)
  region size 1024K, 38 young (38912K), 2 survivors (2048K)
 Metaspace       used 17640K, committed 17920K, reserved 1114112K
  class space    used 2626K, committed 2752K, reserved 1048576K
}
Event: 93.749 GC heap after
{Heap after GC invocations=35 (full 0):
 garbage-first heap   total reserved 1017856K, committed 65536K, used 12598K [0x00000000c1e00000, 0x0000000100000000)
  region size 1024K, 2 young (2048K), 2 survivors (2048K)
 Metaspace       used 17640K, committed 17920K, reserved 1114112K
  class space    used 2626K, committed 2752K, reserved 1048576K
}
Event: 93.818 GC heap before
{Heap before GC invocations=35 (full 0):
 garbage-first heap   total reserved 1017856K, committed 65536K, used 49462K [0x00000000c1e00000, 0x0000000100000000)
  region size 1024K, 38 young (38912K), 2 survivors (2048K)
 Metaspace       used 17640K, committed 17920K, reserved 1114112K
  class space    used 2626K, committed 2752K, reserved 1048576K
}
Event: 93.820 GC heap after
{Heap after GC invocations=36 (full 0):
 garbage-first heap   total reserved 1017856K, committed 65536K, used 12564K [0x00000000c1e00000, 0x0000000100000000)
  region size 1024K, 1 young (1024K), 1 survivors (1024K)
 Metaspace       used 17640K, committed 17920K, reserved 1114112K
  class space    used 2626K, committed 2752K, reserved 1048576K
}
Event: 93.894 GC heap before
{Heap before GC invocations=36 (full 0):
 garbage-first heap   total reserved 1017856K, committed 65536K, used 50452K [0x00000000c1e00000, 0x0000000100000000)
  region size 1024K, 38 young (38912K), 1 survivors (1024K)
 Metaspace       used 17640K, committed 17920K, reserved 1114112K
  class space    used 2626K, committed 2752K, reserved 1048576K
}
Event: 93.896 GC heap after
{Heap after GC invocations=37 (full 0):
 garbage-first heap   total reserved 1017856K, committed 65536K, used 12621K [0x00000000c1e00000, 0x0000000100000000)
  region size 1024K, 1 young (1024K), 1 survivors (1024K)
 Metaspace       used 17640K, committed 17920K, reserved 1114112K
  class space    used 2626K, committed 2752K, reserved 1048576K
}
Event: 93.943 GC heap before
{Heap before GC invocations=37 (full 0):
 garbage-first heap   total reserved 1017856K, committed 65536K, used 50509K [0x00000000c1e00000, 0x0000000100000000)
  region size 1024K, 38 young (38912K), 1 survivors (1024K)
 Metaspace       used 17640K, committed 17920K, reserved 1114112K
  class space    used 2626K, committed 2752K, reserved 1048576K
}

